<?xml version="1.0" encoding="UTF-8"?>
<!-- Generated by org.testng.reporters.JUnitReportReporter -->
<testsuite skipped="0" hostname="LAPTOP-0VAVTR1V" name="qaclickacademy.SeleniumTest" tests="2" failures="0" timestamp="26 Jan 2019 22:06:14 GMT" time="0.012" errors="0">
  <testcase name="elementsUI" time="0.003" classname="qaclickacademy.SeleniumTest"/>
  <testcase name="BrowserAutomation" time="0.009" classname="qaclickacademy.SeleniumTest"/>
</testsuite> <!-- qaclickacademy.SeleniumTest -->
