<?xml version="1.0" encoding="UTF-8"?>
<!-- Generated by org.testng.reporters.JUnitReportReporter -->
<testsuite skipped="0" hostname="LAPTOP-0VAVTR1V" name="qaclickacademy.AppiumTest" tests="2" failures="0" timestamp="26 Jan 2019 21:55:39 GMT" time="0.007" errors="0">
  <testcase name="IOApps" time="0.007" classname="qaclickacademy.AppiumTest"/>
  <testcase name="NativeAppAndroid" time="0.000" classname="qaclickacademy.AppiumTest"/>
</testsuite> <!-- qaclickacademy.AppiumTest -->
